\BOOKMARK [1][-]{section.1}{Inledning}{}% 1
\BOOKMARK [2][-]{subsection.1.1}{Definitioner}{section.1}% 2
\BOOKMARK [2][-]{subsection.1.2}{Syfte}{section.1}% 3
\BOOKMARK [2][-]{subsection.1.3}{Avgränsningar}{section.1}% 4
\BOOKMARK [2][-]{subsection.1.4}{Frågeställning}{section.1}% 5
\BOOKMARK [1][-]{section.2}{Bakgrund}{}% 6
\BOOKMARK [2][-]{subsection.2.1}{Transparens}{section.2}% 7
\BOOKMARK [2][-]{subsection.2.2}{Trackers}{section.2}% 8
\BOOKMARK [2][-]{subsection.2.3}{Algoritmisk reklam}{section.2}% 9
\BOOKMARK [2][-]{subsection.2.4}{Do not track signal}{section.2}% 10
\BOOKMARK [2][-]{subsection.2.5}{Kallstart}{section.2}% 11
\BOOKMARK [2][-]{subsection.2.6}{Kontextbaserad kallstart}{section.2}% 12
\BOOKMARK [2][-]{subsection.2.7}{Filtrering}{section.2}% 13
\BOOKMARK [2][-]{subsection.2.8}{Kontextuell relevans}{section.2}% 14
\BOOKMARK [2][-]{subsection.2.9}{Sociala nätverk för positionering}{section.2}% 15
\BOOKMARK [2][-]{subsection.2.10}{Sammanfattning}{section.2}% 16
\BOOKMARK [2][-]{subsection.2.11}{Problemdiskussion}{section.2}% 17
\BOOKMARK [1][-]{section.3}{Metod}{}% 18
\BOOKMARK [2][-]{subsection.3.1}{Metodbeskrivning}{section.3}% 19
\BOOKMARK [3][-]{subsubsection.3.1.1}{Insamling}{subsection.3.1}% 20
\BOOKMARK [3][-]{subsubsection.3.1.2}{Analys}{subsection.3.1}% 21
\BOOKMARK [3][-]{subsubsection.3.1.3}{Personas och deras beteenden}{subsection.3.1}% 22
\BOOKMARK [2][-]{subsection.3.2}{Metoddiskussion}{section.3}% 23
\BOOKMARK [2][-]{subsection.3.3}{Valda metoders för- och nackdelar}{section.3}% 24
\BOOKMARK [1][-]{section.4}{Resultat}{}% 25
\BOOKMARK [2][-]{subsection.4.1}{Trackers}{section.4}% 26
\BOOKMARK [2][-]{subsection.4.2}{Cookies}{section.4}% 27
\BOOKMARK [2][-]{subsection.4.3}{Personas}{section.4}% 28
\BOOKMARK [2][-]{subsection.4.4}{Google}{section.4}% 29
\BOOKMARK [2][-]{subsection.4.5}{ComScore}{section.4}% 30
\BOOKMARK [1][-]{section.5}{Analys}{}% 31
\BOOKMARK [2][-]{subsection.5.1}{Trackers}{section.5}% 32
\BOOKMARK [2][-]{subsection.5.2}{Cookies}{section.5}% 33
\BOOKMARK [2][-]{subsection.5.3}{Jämförelse med liknande studier}{section.5}% 34
\BOOKMARK [2][-]{subsection.5.4}{ComScore}{section.5}% 35
\BOOKMARK [2][-]{subsection.5.5}{Google}{section.5}% 36
\BOOKMARK [1][-]{section.6}{Diskussion}{}% 37
\BOOKMARK [2][-]{subsection.6.1}{Återkoppling till frågeställning}{section.6}% 38
\BOOKMARK [2][-]{subsection.6.2}{Framtiden}{section.6}% 39
\BOOKMARK [2][-]{subsection.6.3}{Framtida forskning}{section.6}% 40
\BOOKMARK [1][-]{section.7}{Slutsats}{}% 41
\BOOKMARK [2][-]{subsection.7.1}{Bakgrund och tidigare forskning}{section.7}% 42
\BOOKMARK [2][-]{subsection.7.2}{Frågeställning}{section.7}% 43
\BOOKMARK [1][-]{section.8}{Metod}{}% 44
\BOOKMARK [2][-]{subsection.8.1}{Metodbeskrivning}{section.8}% 45
\BOOKMARK [2][-]{subsection.8.2}{Metoddiskussion}{section.8}% 46
\BOOKMARK [1][-]{section.9}{Resultat}{}% 47
\BOOKMARK [1][-]{section.10}{Analys}{}% 48
\BOOKMARK [1][-]{section.11}{Diskussion}{}% 49
\BOOKMARK [1][-]{section.12}{Slutsatser och vidare forskning}{}% 50
\BOOKMARK [1][-]{section.12}{Referenser}{}% 51
\BOOKMARK [1][-]{section*.6}{Bilaga 1}{}% 52
\BOOKMARK [1][-]{section*.7}{Bilaga 2}{}% 53
\BOOKMARK [1][-]{section*.8}{Bilaga 3}{}% 54
