This is pdfTeX, Version 3.14159265-2.6-1.40.16 (TeX Live 2015) (preloaded format=pdflatex 2015.9.3)  13 SEP 2015 17:31
entering extended mode
 restricted \write18 enabled.
 %&-line parsing enabled.
**uppsatsmall.tex
(./uppsatsmall.tex
LaTeX2e <2015/01/01>
Babel <3.9l> and hyphenation patterns for 79 languages loaded.
(/usr/local/texlive/2015/texmf-dist/tex/latex/base/article.cls
Document Class: article 2014/09/29 v1.4h Standard LaTeX document class
(/usr/local/texlive/2015/texmf-dist/tex/latex/base/size11.clo
File: size11.clo 2014/09/29 v1.4h Standard LaTeX file (size option)
)
\c@part=\count79
\c@section=\count80
\c@subsection=\count81
\c@subsubsection=\count82
\c@paragraph=\count83
\c@subparagraph=\count84
\c@figure=\count85
\c@table=\count86
\abovecaptionskip=\skip41
\belowcaptionskip=\skip42
\bibindent=\dimen102
)
(/usr/local/texlive/2015/texmf-dist/tex/latex/base/fontenc.sty
Package: fontenc 2005/09/27 v1.99g Standard LaTeX package

(/usr/local/texlive/2015/texmf-dist/tex/latex/base/t1enc.def
File: t1enc.def 2005/09/27 v1.99g Standard LaTeX file
LaTeX Font Info:    Redeclaring font encoding T1 on input line 48.
))
(/usr/local/texlive/2015/texmf-dist/tex/latex/hyperref/hyperref.sty
Package: hyperref 2012/11/06 v6.83m Hypertext links for LaTeX

(/usr/local/texlive/2015/texmf-dist/tex/generic/oberdiek/hobsub-hyperref.sty
Package: hobsub-hyperref 2012/05/28 v1.13 Bundle oberdiek, subset hyperref (HO)


(/usr/local/texlive/2015/texmf-dist/tex/generic/oberdiek/hobsub-generic.sty
Package: hobsub-generic 2012/05/28 v1.13 Bundle oberdiek, subset generic (HO)
Package: hobsub 2012/05/28 v1.13 Construct package bundles (HO)
Package: infwarerr 2010/04/08 v1.3 Providing info/warning/error messages (HO)
Package: ltxcmds 2011/11/09 v1.22 LaTeX kernel commands for general use (HO)
Package: ifluatex 2010/03/01 v1.3 Provides the ifluatex switch (HO)
Package ifluatex Info: LuaTeX not detected.
Package: ifvtex 2010/03/01 v1.5 Detect VTeX and its facilities (HO)
Package ifvtex Info: VTeX not detected.
Package: intcalc 2007/09/27 v1.1 Expandable calculations with integers (HO)
Package: ifpdf 2011/01/30 v2.3 Provides the ifpdf switch (HO)
Package ifpdf Info: pdfTeX in PDF mode is detected.
Package: etexcmds 2011/02/16 v1.5 Avoid name clashes with e-TeX commands (HO)
Package etexcmds Info: Could not find \expanded.
(etexcmds)             That can mean that you are not using pdfTeX 1.50 or
(etexcmds)             that some package has redefined \expanded.
(etexcmds)             In the latter case, load this package earlier.
Package: kvsetkeys 2012/04/25 v1.16 Key value parser (HO)
Package: kvdefinekeys 2011/04/07 v1.3 Define keys (HO)
Package: pdftexcmds 2011/11/29 v0.20 Utility functions of pdfTeX for LuaTeX (HO
)
Package pdftexcmds Info: LuaTeX not detected.
Package pdftexcmds Info: \pdf@primitive is available.
Package pdftexcmds Info: \pdf@ifprimitive is available.
Package pdftexcmds Info: \pdfdraftmode found.
Package: pdfescape 2011/11/25 v1.13 Implements pdfTeX's escape features (HO)
Package: bigintcalc 2012/04/08 v1.3 Expandable calculations on big integers (HO
)
Package: bitset 2011/01/30 v1.1 Handle bit-vector datatype (HO)
Package: uniquecounter 2011/01/30 v1.2 Provide unlimited unique counter (HO)
)
Package hobsub Info: Skipping package `hobsub' (already loaded).
Package: letltxmacro 2010/09/02 v1.4 Let assignment for LaTeX macros (HO)
Package: hopatch 2012/05/28 v1.2 Wrapper for package hooks (HO)
Package: xcolor-patch 2011/01/30 xcolor patch
Package: atveryend 2011/06/30 v1.8 Hooks at the very end of document (HO)
Package atveryend Info: \enddocument detected (standard20110627).
Package: atbegshi 2011/10/05 v1.16 At begin shipout hook (HO)
Package: refcount 2011/10/16 v3.4 Data extraction from label references (HO)
Package: hycolor 2011/01/30 v1.7 Color options for hyperref/bookmark (HO)
)
(/usr/local/texlive/2015/texmf-dist/tex/latex/graphics/keyval.sty
Package: keyval 2014/10/28 v1.15 key=value parser (DPC)
\KV@toks@=\toks14
)
(/usr/local/texlive/2015/texmf-dist/tex/generic/ifxetex/ifxetex.sty
Package: ifxetex 2010/09/12 v0.6 Provides ifxetex conditional
)
(/usr/local/texlive/2015/texmf-dist/tex/latex/oberdiek/auxhook.sty
Package: auxhook 2011/03/04 v1.3 Hooks for auxiliary files (HO)
)
(/usr/local/texlive/2015/texmf-dist/tex/latex/oberdiek/kvoptions.sty
Package: kvoptions 2011/06/30 v3.11 Key value format for package options (HO)
)
\@linkdim=\dimen103
\Hy@linkcounter=\count87
\Hy@pagecounter=\count88

(/usr/local/texlive/2015/texmf-dist/tex/latex/hyperref/pd1enc.def
File: pd1enc.def 2012/11/06 v6.83m Hyperref: PDFDocEncoding definition (HO)
)
\Hy@SavedSpaceFactor=\count89

(/usr/local/texlive/2015/texmf-dist/tex/latex/latexconfig/hyperref.cfg
File: hyperref.cfg 2002/06/06 v1.2 hyperref configuration of TeXLive
)
Package hyperref Info: Hyper figures OFF on input line 4443.
Package hyperref Info: Link nesting OFF on input line 4448.
Package hyperref Info: Hyper index ON on input line 4451.
Package hyperref Info: Plain pages OFF on input line 4458.
Package hyperref Info: Backreferencing OFF on input line 4463.
Package hyperref Info: Implicit mode ON; LaTeX internals redefined.
Package hyperref Info: Bookmarks ON on input line 4688.
\c@Hy@tempcnt=\count90

(/usr/local/texlive/2015/texmf-dist/tex/latex/url/url.sty
\Urlmuskip=\muskip10
Package: url 2013/09/16  ver 3.4  Verb mode for urls, etc.
)
LaTeX Info: Redefining \url on input line 5041.
\XeTeXLinkMargin=\dimen104
\Fld@menulength=\count91
\Field@Width=\dimen105
\Fld@charsize=\dimen106
Package hyperref Info: Hyper figures OFF on input line 6295.
Package hyperref Info: Link nesting OFF on input line 6300.
Package hyperref Info: Hyper index ON on input line 6303.
Package hyperref Info: backreferencing OFF on input line 6310.
Package hyperref Info: Link coloring OFF on input line 6315.
Package hyperref Info: Link coloring with OCG OFF on input line 6320.
Package hyperref Info: PDF/A mode OFF on input line 6325.
LaTeX Info: Redefining \ref on input line 6365.
LaTeX Info: Redefining \pageref on input line 6369.
\Hy@abspage=\count92
\c@Item=\count93
\c@Hfootnote=\count94
)

Package hyperref Message: Driver (autodetected): hpdftex.

(/usr/local/texlive/2015/texmf-dist/tex/latex/hyperref/hpdftex.def
File: hpdftex.def 2012/11/06 v6.83m Hyperref driver for pdfTeX
\Fld@listcount=\count95
\c@bookmark@seq@number=\count96

(/usr/local/texlive/2015/texmf-dist/tex/latex/oberdiek/rerunfilecheck.sty
Package: rerunfilecheck 2011/04/15 v1.7 Rerun checks for auxiliary files (HO)
Package uniquecounter Info: New unique counter `rerunfilecheck' on input line 2
82.
)
\Hy@SectionHShift=\skip43
)
(/usr/local/texlive/2015/texmf-dist/tex/latex/graphics/graphicx.sty
Package: graphicx 2014/10/28 v1.0g Enhanced LaTeX Graphics (DPC,SPQR)

(/usr/local/texlive/2015/texmf-dist/tex/latex/graphics/graphics.sty
Package: graphics 2014/10/28 v1.0p Standard LaTeX Graphics (DPC,SPQR)

(/usr/local/texlive/2015/texmf-dist/tex/latex/graphics/trig.sty
Package: trig 1999/03/16 v1.09 sin cos tan (DPC)
)
(/usr/local/texlive/2015/texmf-dist/tex/latex/latexconfig/graphics.cfg
File: graphics.cfg 2010/04/23 v1.9 graphics configuration of TeX Live
)
Package graphics Info: Driver file: pdftex.def on input line 94.

(/usr/local/texlive/2015/texmf-dist/tex/latex/pdftex-def/pdftex.def
File: pdftex.def 2011/05/27 v0.06d Graphics/color for pdfTeX
\Gread@gobject=\count97
))
\Gin@req@height=\dimen107
\Gin@req@width=\dimen108
)
(/usr/local/texlive/2015/texmf-dist/tex/generic/babel/babel.sty
Package: babel 2014/09/25 3.9l The Babel package

(/usr/local/texlive/2015/texmf-dist/tex/generic/babel-swedish/swedish.ldf
Language: swedish 2005/03/31 v2.3d Swedish support from the babel system

(/usr/local/texlive/2015/texmf-dist/tex/generic/babel/babel.def
File: babel.def 2014/09/25 3.9l Babel common definitions
\babel@savecnt=\count98
\U@D=\dimen109
)
Package babel Info: Making " an active character on input line 90.
))
(./uppsatsmall.aux)
\openout1 = `uppsatsmall.aux'.

LaTeX Font Info:    Checking defaults for OML/cmm/m/it on input line 24.
LaTeX Font Info:    ... okay on input line 24.
LaTeX Font Info:    Checking defaults for T1/cmr/m/n on input line 24.
LaTeX Font Info:    ... okay on input line 24.
LaTeX Font Info:    Checking defaults for OT1/cmr/m/n on input line 24.
LaTeX Font Info:    ... okay on input line 24.
LaTeX Font Info:    Checking defaults for OMS/cmsy/m/n on input line 24.
LaTeX Font Info:    ... okay on input line 24.
LaTeX Font Info:    Checking defaults for OMX/cmex/m/n on input line 24.
LaTeX Font Info:    ... okay on input line 24.
LaTeX Font Info:    Checking defaults for U/cmr/m/n on input line 24.
LaTeX Font Info:    ... okay on input line 24.
LaTeX Font Info:    Checking defaults for PD1/pdf/m/n on input line 24.
LaTeX Font Info:    ... okay on input line 24.
\AtBeginShipoutBox=\box26
Package hyperref Info: Link coloring OFF on input line 24.

(/usr/local/texlive/2015/texmf-dist/tex/latex/hyperref/nameref.sty
Package: nameref 2012/10/27 v2.43 Cross-referencing by name of section

(/usr/local/texlive/2015/texmf-dist/tex/generic/oberdiek/gettitlestring.sty
Package: gettitlestring 2010/12/03 v1.4 Cleanup title references (HO)
)
\c@section@level=\count99
)
LaTeX Info: Redefining \ref on input line 24.
LaTeX Info: Redefining \pageref on input line 24.
LaTeX Info: Redefining \nameref on input line 24.

(./uppsatsmall.out) (./uppsatsmall.out)
\@outlinefile=\write3
\openout3 = `uppsatsmall.out'.


(/usr/local/texlive/2015/texmf-dist/tex/context/base/supp-pdf.mkii
[Loading MPS to PDF converter (version 2006.09.02).]
\scratchcounter=\count100
\scratchdimen=\dimen110
\scratchbox=\box27
\nofMPsegments=\count101
\nofMParguments=\count102
\everyMPshowfont=\toks15
\MPscratchCnt=\count103
\MPscratchDim=\dimen111
\MPnumerator=\count104
\makeMPintoPDFobject=\count105
\everyMPtoPDFconversion=\toks16
) (/usr/local/texlive/2015/texmf-dist/tex/latex/oberdiek/epstopdf-base.sty
Package: epstopdf-base 2010/02/09 v2.5 Base part for package epstopdf

(/usr/local/texlive/2015/texmf-dist/tex/latex/oberdiek/grfext.sty
Package: grfext 2010/08/19 v1.1 Manage graphics extensions (HO)
)
Package grfext Info: Graphics extension search list:
(grfext)             [.png,.pdf,.jpg,.mps,.jpeg,.jbig2,.jb2,.PNG,.PDF,.JPG,.JPE
G,.JBIG2,.JB2,.eps]
(grfext)             \AppendGraphicsExtensions on input line 452.

(/usr/local/texlive/2015/texmf-dist/tex/latex/latexconfig/epstopdf-sys.cfg
File: epstopdf-sys.cfg 2010/07/13 v1.3 Configuration of (r)epstopdf for TeX Liv
e
))
Package epstopdf Info: Source file: <images/mahlogo-name.eps>
(epstopdf)                    date: 2015-09-13 14:34:28
(epstopdf)                    size: 39676 bytes
(epstopdf)             Output file: <images/mahlogo-name-eps-converted-to.pdf>
(epstopdf)                    date: 2015-09-13 14:38:56
(epstopdf)                    size: 9690 bytes
(epstopdf)             Command: <repstopdf --outfile=images/mahlogo-name-eps-co
nverted-to.pdf images/mahlogo-name.eps>
(epstopdf)             \includegraphics on input line 32.
Package epstopdf Info: Output file is already uptodate.

<images/mahlogo-name-eps-converted-to.pdf, id=220, 103.38625pt x 122.4575pt>
File: images/mahlogo-name-eps-converted-to.pdf Graphic file (type pdf)

<use images/mahlogo-name-eps-converted-to.pdf>
Package pdftex.def Info: images/mahlogo-name-eps-converted-to.pdf used on input
 line 32.
(pdftex.def)             Requested size: 113.81102pt x 134.80827pt.

Underfull \hbox (badness 10000) in paragraph at lines 100--103
\T1/cmr/m/n/10.95 Andrabedömare: Kristi-na von
 []

[1


Non-PDF special ignored!{/usr/local/texlive/2015/texmf-var/fonts/map/pdftex/upd
map/pdftex.map} <./images/mahlogo-name-eps-converted-to.pdf>]pdfTeX warning (ex
t4): destination with the same identifier (name{page.}) has been already used, 
duplicate ignored
<to be read again> 
                   \relax 
l.109 \newpage
               [2]pdfTeX warning (ext4): destination with the same identifier (
name{page.}) has been already used, duplicate ignored
<to be read again> 
                   \relax 
l.115 \newpage
               [3]pdfTeX warning (ext4): destination with the same identifier (
name{page.}) has been already used, duplicate ignored
<to be read again> 
                   \relax 
l.119 \newpage
               [4]pdfTeX warning (ext4): destination with the same identifier (
name{page.}) has been already used, duplicate ignored
<to be read again> 
                   \relax 
l.125 \newpage
               [5]pdfTeX warning (ext4): destination with the same identifier (
name{page.}) has been already used, duplicate ignored
<to be read again> 
                   \relax 
l.127 \newpage
               [6]
Underfull \hbox (badness 10000) in paragraph at lines 129--131

 []


Underfull \hbox (badness 10000) in paragraph at lines 129--131

 []

LaTeX Font Info:    External font `cmex10' loaded for size
(Font)              <10.95> on input line 132.
LaTeX Font Info:    External font `cmex10' loaded for size
(Font)              <8> on input line 132.
LaTeX Font Info:    External font `cmex10' loaded for size
(Font)              <6> on input line 132.

Overfull \hbox (36.97061pt too wide) in paragraph at lines 132--148
[][] 
 []

pdfTeX warning (ext4): destination with the same identifier (name{page.}) has b
een already used, duplicate ignored
<to be read again> 
                   \relax 
l.151 \newpage
               [7]pdfTeX warning (ext4): destination with the same identifier (
name{page.}) has been already used, duplicate ignored
<to be read again> 
                   \relax 
l.153 \newpage
               [8] (./uppsatsmall.tocpdfTeX warning (ext4): destination with th
e same identifier (name{page.}) has been already used, duplicate ignored
<to be read again> 
                   \relax 
l.43 ...ch tidigare forskning}{22}{subsection.7.1}
                                                   [9])
\tf@toc=\write4
\openout4 = `uppsatsmall.toc'.

pdfTeX warning (ext4): destination with the same identifier (name{page.}) has b
een already used, duplicate ignored
<to be read again> 
                   \relax 
l.155 \newpage
               [10]
Overfull \hbox (4.30557pt too wide) in paragraph at lines 190--191
\T1/cmr/m/n/10.95 nom-skin-lig [http://www.ne.se/uppslagsverk/ordbok/svensk/tra
nsparent]. Dis-tri-bu-e-ra-de sy-
 []

[1]
Overfull \hbox (144.16164pt too wide) in paragraph at lines 199--201
\T1/cmr/m/n/10.95 about the ac-ti-vi-ti-es of go-vern-ment or pri-va-te or-ga-n
i-za-tions. [http://global.britannica.com/topic/transparency-
 []


Underfull \hbox (badness 10000) in paragraph at lines 217--218

 []

[2]
Underfull \hbox (badness 10000) in paragraph at lines 230--232

 []


Underfull \hbox (badness 10000) in paragraph at lines 234--235

 []

[3] [4] [5]
Underfull \hbox (badness 10000) in paragraph at lines 295--296

 []

<images/img1.png, id=346, 1076.02pt x 277.035pt>
File: images/img1.png Graphic file (type png)
 <use images/img1.png>
Package pdftex.def Info: images/img1.png used on input line 297.
(pdftex.def)             Requested size: 284.52756pt x 73.25328pt.

Underfull \hbox (badness 10000) in paragraph at lines 297--299

 []

[6 <./images/img1.png (PNG copy)>] [7] [8] [9] [10]
LaTeX Font Info:    Try loading font information for T1+cmtt on input line 393.


(/usr/local/texlive/2015/texmf-dist/tex/latex/base/t1cmtt.fd
File: t1cmtt.fd 2014/09/29 v2.5h Standard LaTeX font definitions
)
Overfull \hbox (5.12125pt too wide) in paragraph at lines 393--394
[]\T1/cmr/m/n/10.95 Ett ex-em-pel då det-ta sker är i Goog-le-A-na-ly-tics tjän
st då ett be-sök på www.aftonbladet.se
 []


Overfull \hbox (2.11975pt too wide) in paragraph at lines 393--394
\T1/cmr/m/n/10.95 sar allt-så att Goog-le-A-na-ly-tics spa-rar si-na coo-ki-es 
på sam-ma do-män dvs. www.aftonbladet.se
 []


Underfull \hbox (badness 10000) in paragraph at lines 393--394

 []


Underfull \hbox (badness 10000) in paragraph at lines 393--394

 []


Underfull \hbox (badness 10000) in paragraph at lines 395--396

 []


Underfull \hbox (badness 10000) in paragraph at lines 395--396

 []

[11]
Underfull \hbox (badness 10000) in paragraph at lines 414--415

 []


Underfull \hbox (badness 10000) in paragraph at lines 414--415

 []


Underfull \hbox (badness 10000) in paragraph at lines 416--417

 []


Underfull \hbox (badness 10000) in paragraph at lines 416--417

 []

[12]
Underfull \hbox (badness 10000) in paragraph at lines 437--438

 []


Underfull \hbox (badness 10000) in paragraph at lines 437--438

 []


Underfull \hbox (badness 10000) in paragraph at lines 439--440

 []


Underfull \hbox (badness 10000) in paragraph at lines 439--440

 []

LaTeX Font Info:    Try loading font information for OMS+cmr on input line 454.

(/usr/local/texlive/2015/texmf-dist/tex/latex/base/omscmr.fd
File: omscmr.fd 2014/09/29 v2.5h Standard LaTeX font definitions
)
LaTeX Font Info:    Font shape `OMS/cmr/m/n' in size <10.95> not available
(Font)              Font shape `OMS/cmsy/m/n' tried instead on input line 454.
 [13] [14]
[15]
Overfull \hbox (5.13249pt too wide) in paragraph at lines 553--554
[]\T1/cmr/m/n/10.95 Among the top 10 such do-mains are: goog-le-adser-vices.com
, google-analytics.com,
 []

[16]
Overfull \hbox (62.72935pt too wide) in paragraph at lines 559--560
\T1/cmr/m/n/10.95 tion.com, gsta-tic.com, fbcdn.net, tfd.com, in-vi-te-me-dia.c
om, at-dmt.com, ajax.googleapis.com,
 []

[17] [18]
Underfull \hbox (badness 10000) in paragraph at lines 613--615

 []

[19] [20] [21]

LaTeX Warning: Citation `rectlinkfirst' on page 22 undefined on input line 671.



LaTeX Warning: Citation `rectlinkopt1' on page 22 undefined on input line 673.


LaTeX Warning: Citation `rectlinkopt2' on page 22 undefined on input line 673.

[22]
Underfull \hbox (badness 1571) in paragraph at lines 711--712
[]\T1/cmr/m/n/10.95 ComScore Inc. comSco-re and Goog-le Part-ner to Of-fer Ac-t
io-nab-le Au-di-ence
 []


Underfull \hbox (badness 1496) in paragraph at lines 711--712
\T1/cmr/m/n/10.95 Metric for Brands [In-ter-net] 2014 [upp-da-te-rad: 2014-02-1
0; ci-te-rad: 2015-05-
 []


Underfull \hbox (badness 1199) in paragraph at lines 731--732
[]\T1/cmr/m/n/10.95 Google Inc. Custom Se-arch JSON/Atom API. [In-ter-net] 2015
 [ci-te-rad 2015-
 []

[23]
Underfull \hbox (badness 1867) in paragraph at lines 735--736
\T1/cmr/m/n/10.95 te-rad 2015-04-17] Häm-tad från: []$\T1/cmtt/m/n/10.95 https 
: / / developers . google . com / analytics /
 []

[24] [25]
Underfull \hbox (badness 10000) in paragraph at lines 773--774

 []


Underfull \hbox (badness 10000) in paragraph at lines 775--782

 []


Underfull \hbox (badness 10000) in paragraph at lines 783--784

 []


Underfull \hbox (badness 10000) in paragraph at lines 785--786

 []


Underfull \hbox (badness 10000) in paragraph at lines 785--786

 []


Underfull \hbox (badness 10000) in paragraph at lines 788--794

 []


Underfull \hbox (badness 10000) in paragraph at lines 795--796

 []


Underfull \hbox (badness 10000) in paragraph at lines 797--798

 []


Underfull \hbox (badness 10000) in paragraph at lines 797--798

 []


Underfull \hbox (badness 10000) in paragraph at lines 799--805

 []

[26]
Underfull \hbox (badness 10000) in paragraph at lines 806--807

 []


Underfull \hbox (badness 10000) in paragraph at lines 808--809

 []


Underfull \hbox (badness 10000) in paragraph at lines 808--809

 []


Underfull \hbox (badness 10000) in paragraph at lines 810--817

 []


Underfull \hbox (badness 10000) in paragraph at lines 818--819

 []


Underfull \hbox (badness 10000) in paragraph at lines 820--821

 []


Underfull \hbox (badness 10000) in paragraph at lines 820--821

 []


Underfull \hbox (badness 10000) in paragraph at lines 822--829

 []


Underfull \hbox (badness 10000) in paragraph at lines 830--831

 []


Underfull \hbox (badness 10000) in paragraph at lines 832--833

 []


Underfull \hbox (badness 10000) in paragraph at lines 832--833

 []


Underfull \hbox (badness 10000) in paragraph at lines 834--841

 []

[27]
Underfull \hbox (badness 10000) in paragraph at lines 842--843

 []


Underfull \hbox (badness 10000) in paragraph at lines 844--845

 []


Underfull \hbox (badness 10000) in paragraph at lines 844--845

 []


Underfull \hbox (badness 10000) in paragraph at lines 846--852

 []


Underfull \hbox (badness 10000) in paragraph at lines 853--854

 []


Underfull \hbox (badness 10000) in paragraph at lines 855--856

 []


Underfull \hbox (badness 10000) in paragraph at lines 855--856

 []


Underfull \hbox (badness 10000) in paragraph at lines 857--863

 []


Underfull \hbox (badness 10000) in paragraph at lines 864--865

 []

[28] [29]
Underfull \hbox (badness 10000) in paragraph at lines 872--873

 []


Underfull \hbox (badness 10000) in paragraph at lines 872--873

 []

[30]
Underfull \hbox (badness 10000) in paragraph at lines 913--914

 []


Underfull \hbox (badness 10000) in paragraph at lines 913--914

 []

Package atveryend Info: Empty hook `BeforeClearDocument' on input line 954.
[31]
Package atveryend Info: Empty hook `AfterLastShipout' on input line 954.
 (./uppsatsmall.aux)
Package atveryend Info: Executing hook `AtVeryEndDocument' on input line 954.
Package atveryend Info: Executing hook `AtEndAfterFileList' on input line 954.
Package rerunfilecheck Info: File `uppsatsmall.out' has not changed.
(rerunfilecheck)             Checksum: 6A38D79BCA8D7ADE10E8F4379B53160D;3220.


LaTeX Warning: There were undefined references.

Package atveryend Info: Empty hook `AtVeryVeryEnd' on input line 954.
 )
(\end occurred inside a group at level 1)

### simple group (level 1) entered at line 28 ({)
### bottom level 
Here is how much of TeX's memory you used:
 5954 strings out of 493089
 86527 string characters out of 6134843
 176023 words of memory out of 5000000
 9270 multiletter control sequences out of 15000+600000
 14333 words of font info for 34 fonts, out of 8000000 for 9000
 1141 hyphenation exceptions out of 8191
 29i,8n,28p,1163b,515s stack positions out of 5000i,500n,10000p,200000b,80000s
{/usr/local/texlive/2015/texmf-dist/fonts/enc/dvips/cm-super/cm
-super-t1.enc}</usr/local/texlive/2015/texmf-dist/fonts/type1/public/amsfonts/c
m/cmmi10.pfb></usr/local/texlive/2015/texmf-dist/fonts/type1/public/amsfonts/cm
/cmr10.pfb></usr/local/texlive/2015/texmf-dist/fonts/type1/public/amsfonts/cm/c
msy10.pfb></usr/local/texlive/2015/texmf-dist/fonts/type1/public/cm-super/sfbx1
000.pfb></usr/local/texlive/2015/texmf-dist/fonts/type1/public/cm-super/sfbx109
5.pfb></usr/local/texlive/2015/texmf-dist/fonts/type1/public/cm-super/sfbx1200.
pfb></usr/local/texlive/2015/texmf-dist/fonts/type1/public/cm-super/sfbx1440.pf
b></usr/local/texlive/2015/texmf-dist/fonts/type1/public/cm-super/sfrm1095.pfb>
</usr/local/texlive/2015/texmf-dist/fonts/type1/public/cm-super/sfrm1200.pfb></
usr/local/texlive/2015/texmf-dist/fonts/type1/public/cm-super/sfrm1440.pfb></us
r/local/texlive/2015/texmf-dist/fonts/type1/public/cm-super/sfrm1728.pfb></usr/
local/texlive/2015/texmf-dist/fonts/type1/public/cm-super/sfrm2074.pfb></usr/lo
cal/texlive/2015/texmf-dist/fonts/type1/public/cm-super/sfti1095.pfb></usr/loca
l/texlive/2015/texmf-dist/fonts/type1/public/cm-super/sftt1095.pfb>
Output written on uppsatsmall.pdf (41 pages, 360810 bytes).
PDF statistics:
 625 PDF objects out of 1000 (max. 8388607)
 559 compressed objects within 6 object streams
 124 named destinations out of 1000 (max. 500000)
 443 words of extra memory for PDF output out of 10000 (max. 10000000)

